<?xml version="1.0" encoding="UTF-8"?>
<!-- Generated by org.testng.reporters.JUnitXMLReporter -->
<testsuite ignored="2" hostname="LAPTOP-JGFFDEV7" failures="0" tests="5" name="Car Loan" time="0.108" errors="0" timestamp="2023-04-03T11:27:32 IST">
  <testcase classname="test.day3" name="MobileLogincarLoan" time="0.006"/>
  <testcase classname="test.day3" name="MobileSignoutcarLoan" time="0.002"/>
  <testcase classname="test.day3" name="MobileSignoutcarLoan" time="0.007"/>
  <testcase classname="test.day3" name="MobileSignoutcarLoan" time="0.007"/>
  <testcase classname="test.day3" name="WebloginCarLoan" time="0.001"/>
  <testcase classname="test.day3" name="APICarLoan" time="0.0">
    <ignored/>
  </testcase> <!-- APICarLoan -->
  <testcase classname="test.day3" name="MobileSignincarLoan" time="0.0">
    <ignored/>
  </testcase> <!-- MobileSignincarLoan -->
</testsuite> <!-- Car Loan -->
