<?xml version="1.0" encoding="UTF-8"?>
<!-- Generated by org.testng.reporters.JUnitXMLReporter -->
<testsuite ignored="8" hostname="LAPTOP-JGFFDEV7" failures="0" tests="3" name="Regression" time="0.036" errors="0" timestamp="2023-04-02T16:47:41 IST">
  <testcase classname="test.day2" name="ploan" time="0.006"/>
  <testcase classname="test.day4" name="MobileloginHomeLoan" time="0.001"/>
  <testcase classname="test.day3" name="MobileLogincarLoan" time="0.0"/>
  <testcase classname="test.day3" name="WebloginCarLoan" time="0.0">
    <ignored/>
  </testcase> <!-- WebloginCarLoan -->
  <testcase classname="test.day3" name="APICarLoan" time="0.0">
    <ignored/>
  </testcase> <!-- APICarLoan -->
  <testcase classname="test.day4" name="LoginAPIHomeLoan" time="0.0">
    <ignored/>
  </testcase> <!-- LoginAPIHomeLoan -->
  <testcase classname="test.day3" name="MobileSignoutcarLoan" time="0.0">
    <ignored/>
  </testcase> <!-- MobileSignoutcarLoan -->
  <testcase classname="test.day1" name="SecondTest" time="0.0">
    <ignored/>
  </testcase> <!-- SecondTest -->
  <testcase classname="test.day4" name="WebloginHomeLoan" time="0.0">
    <ignored/>
  </testcase> <!-- WebloginHomeLoan -->
  <testcase classname="test.day1" name="Demo" time="0.0">
    <ignored/>
  </testcase> <!-- Demo -->
  <testcase classname="test.day3" name="MobileSignincarLoan" time="0.0">
    <ignored/>
  </testcase> <!-- MobileSignincarLoan -->
</testsuite> <!-- Regression -->
