<?xml version="1.0" encoding="UTF-8"?>
<testng-results ignored="0" total="1" passed="1" failed="0" skipped="0">
  <reporter-output>
  </reporter-output>
  <suite started-at="2023-04-07T10:52:28 IST" name="Default suite" finished-at="2023-04-07T10:52:32 IST" duration-ms="4168">
    <groups>
    </groups>
    <test started-at="2023-04-07T10:52:28 IST" name="Default test" finished-at="2023-04-07T10:52:32 IST" duration-ms="4168">
      <class name="amarnathreddy.ExtentReports.ExtentReportDemo">
        <test-method is-config="true" signature="config()[pri:0, instance:amarnathreddy.ExtentReports.ExtentReportDemo@306e95ec]" started-at="2023-04-07T10:52:28 IST" name="config" finished-at="2023-04-07T10:52:28 IST" duration-ms="213" status="PASS">
          <reporter-output>
          </reporter-output>
        </test-method> <!-- config -->
        <test-method signature="initialDemo()[pri:0, instance:amarnathreddy.ExtentReports.ExtentReportDemo@306e95ec]" started-at="2023-04-07T10:52:28 IST" name="initialDemo" finished-at="2023-04-07T10:52:32 IST" duration-ms="3923" status="PASS">
          <reporter-output>
          </reporter-output>
        </test-method> <!-- initialDemo -->
      </class> <!-- amarnathreddy.ExtentReports.ExtentReportDemo -->
    </test> <!-- Default test -->
  </suite> <!-- Default suite -->
</testng-results>
