<?xml version="1.0" encoding="UTF-8"?>
<!-- Generated by org.testng.reporters.JUnitXMLReporter -->
<testsuite ignored="1" hostname="LAPTOP-JGFFDEV7" failures="0" tests="4" name="Default test" time="0.042" errors="0" timestamp="2023-04-02T19:01:15 IST">
  <testcase classname="test.day3" name="MobileLogincarLoan" time="0.005"/>
  <testcase classname="test.day3" name="MobileSignoutcarLoan" time="0.001"/>
  <testcase classname="test.day3" name="WebloginCarLoan" time="0.001"/>
  <testcase classname="test.day3" name="APICarLoan" time="0.0"/>
  <testcase classname="test.day3" name="MobileSignincarLoan" time="0.0">
    <ignored/>
  </testcase> <!-- MobileSignincarLoan -->
</testsuite> <!-- Default test -->
